AH00558: apache2: Could not reliably determine the server's fully qualified domain name, using 172.17.0.6. Set the 'ServerName' directive globally to suppress this message
[Wed Dec 07 19:03:17.255872 2016] [mpm_prefork:notice] [pid 1] AH00163: Apache/2.4.10 (Debian) PHP/7.0.13 OpenSSL/1.0.1t configured -- resuming normal operations
[Wed Dec 07 19:03:17.256443 2016] [core:notice] [pid 1] AH00094: Command line: 'apache2 -D FOREGROUND'
[Wed Dec 07 19:18:03.687374 2016] [mpm_prefork:notice] [pid 1] AH00169: caught SIGTERM, shutting down
AH00558: apache2: Could not reliably determine the server's fully qualified domain name, using 172.17.0.2. Set the 'ServerName' directive globally to suppress this message
[Wed Dec 14 20:41:18.069093 2016] [mpm_prefork:notice] [pid 1] AH00163: Apache/2.4.10 (Debian) PHP/7.0.14 OpenSSL/1.0.1t configured -- resuming normal operations
[Wed Dec 14 20:41:18.069146 2016] [core:notice] [pid 1] AH00094: Command line: 'apache2 -D FOREGROUND'
[Wed Dec 14 20:43:22.655176 2016] [mpm_prefork:notice] [pid 1] AH00169: caught SIGTERM, shutting down
AH00558: apache2: Could not reliably determine the server's fully qualified domain name, using 172.17.0.2. Set the 'ServerName' directive globally to suppress this message
[Wed Dec 14 20:44:45.246505 2016] [mpm_prefork:notice] [pid 1] AH00163: Apache/2.4.10 (Debian) PHP/7.0.14 OpenSSL/1.0.1t configured -- resuming normal operations
[Wed Dec 14 20:44:45.246559 2016] [core:notice] [pid 1] AH00094: Command line: 'apache2 -D FOREGROUND'
AH00558: apache2: Could not reliably determine the server's fully qualified domain name, using 172.17.0.2. Set the 'ServerName' directive globally to suppress this message
[Wed Dec 14 20:45:34.785034 2016] [mpm_prefork:notice] [pid 1] AH00163: Apache/2.4.10 (Debian) PHP/7.0.14 OpenSSL/1.0.1t configured -- resuming normal operations
[Wed Dec 14 20:45:34.785104 2016] [core:notice] [pid 1] AH00094: Command line: 'apache2 -D FOREGROUND'
[Wed Dec 14 20:53:48.763234 2016] [mpm_prefork:notice] [pid 1] AH00169: caught SIGTERM, shutting down
AH00558: apache2: Could not reliably determine the server's fully qualified domain name, using 172.17.0.2. Set the 'ServerName' directive globally to suppress this message
[Thu Dec 15 16:09:00.530769 2016] [mpm_prefork:notice] [pid 1] AH00163: Apache/2.4.10 (Debian) PHP/7.0.14 OpenSSL/1.0.1t configured -- resuming normal operations
[Thu Dec 15 16:09:00.530831 2016] [core:notice] [pid 1] AH00094: Command line: 'apache2 -D FOREGROUND'
[Thu Dec 15 16:09:31.163490 2016] [mpm_prefork:notice] [pid 1] AH00169: caught SIGTERM, shutting down
AH00558: apache2: Could not reliably determine the server's fully qualified domain name, using 172.17.0.2. Set the 'ServerName' directive globally to suppress this message
[Thu Dec 15 16:10:50.703766 2016] [mpm_prefork:notice] [pid 1] AH00163: Apache/2.4.10 (Debian) PHP/7.0.14 OpenSSL/1.0.1t configured -- resuming normal operations
[Thu Dec 15 16:10:50.703849 2016] [core:notice] [pid 1] AH00094: Command line: 'apache2 -D FOREGROUND'
[Thu Dec 15 16:11:59.810808 2016] [mpm_prefork:notice] [pid 1] AH00169: caught SIGTERM, shutting down
[Thu Dec 15 16:14:21.276855 2016] [ssl:warn] [pid 1] AH01909: photobookfinal.com:443:0 server certificate does NOT include an ID which matches the server name
AH00558: apache2: Could not reliably determine the server's fully qualified domain name, using 172.17.0.2. Set the 'ServerName' directive globally to suppress this message
[Thu Dec 15 16:14:21.301844 2016] [core:crit] [pid 1] (22)Invalid argument: AH00069: make_sock: for address [::]:443, apr_socket_opt_set: (IPV6_V6ONLY)
(98)Address already in use: AH00072: make_sock: could not bind to address [::]:443
(98)Address already in use: AH00072: make_sock: could not bind to address 0.0.0.0:443
[Thu Dec 15 16:14:21.301901 2016] [mpm_prefork:alert] [pid 1] no listening sockets available, shutting down
[Thu Dec 15 16:14:21.301905 2016] [:emerg] [pid 1] AH00019: Unable to open logs, exiting
[Thu Dec 15 16:15:58.960722 2016] [ssl:warn] [pid 1] AH01909: photobookfinal.com:443:0 server certificate does NOT include an ID which matches the server name
AH00558: apache2: Could not reliably determine the server's fully qualified domain name, using 172.17.0.2. Set the 'ServerName' directive globally to suppress this message
[Thu Dec 15 16:15:58.980597 2016] [core:crit] [pid 1] (22)Invalid argument: AH00069: make_sock: for address [::]:443, apr_socket_opt_set: (IPV6_V6ONLY)
(98)Address already in use: AH00072: make_sock: could not bind to address [::]:443
(98)Address already in use: AH00072: make_sock: could not bind to address 0.0.0.0:443
[Thu Dec 15 16:15:58.980641 2016] [mpm_prefork:alert] [pid 1] no listening sockets available, shutting down
[Thu Dec 15 16:15:58.980645 2016] [:emerg] [pid 1] AH00019: Unable to open logs, exiting
[Thu Dec 15 16:16:11.086133 2016] [ssl:warn] [pid 1] AH01909: photobookfinal.com:443:0 server certificate does NOT include an ID which matches the server name
AH00558: apache2: Could not reliably determine the server's fully qualified domain name, using 172.17.0.2. Set the 'ServerName' directive globally to suppress this message
[Thu Dec 15 16:16:11.103346 2016] [core:crit] [pid 1] (22)Invalid argument: AH00069: make_sock: for address [::]:443, apr_socket_opt_set: (IPV6_V6ONLY)
(98)Address already in use: AH00072: make_sock: could not bind to address [::]:443
(98)Address already in use: AH00072: make_sock: could not bind to address 0.0.0.0:443
[Thu Dec 15 16:16:11.103392 2016] [mpm_prefork:alert] [pid 1] no listening sockets available, shutting down
[Thu Dec 15 16:16:11.103397 2016] [:emerg] [pid 1] AH00019: Unable to open logs, exiting
[Thu Dec 15 16:16:25.405133 2016] [ssl:warn] [pid 1] AH01909: photobookfinal.com:443:0 server certificate does NOT include an ID which matches the server name
AH00558: apache2: Could not reliably determine the server's fully qualified domain name, using 172.17.0.2. Set the 'ServerName' directive globally to suppress this message
[Thu Dec 15 16:16:25.422936 2016] [core:crit] [pid 1] (22)Invalid argument: AH00069: make_sock: for address [::]:443, apr_socket_opt_set: (IPV6_V6ONLY)
(98)Address already in use: AH00072: make_sock: could not bind to address [::]:443
(98)Address already in use: AH00072: make_sock: could not bind to address 0.0.0.0:443
[Thu Dec 15 16:16:25.422983 2016] [mpm_prefork:alert] [pid 1] no listening sockets available, shutting down
[Thu Dec 15 16:16:25.422988 2016] [:emerg] [pid 1] AH00019: Unable to open logs, exiting
[Thu Dec 15 16:18:00.966029 2016] [ssl:warn] [pid 1] AH01909: photobookfinal.com:443:0 server certificate does NOT include an ID which matches the server name
AH00558: apache2: Could not reliably determine the server's fully qualified domain name, using 172.17.0.2. Set the 'ServerName' directive globally to suppress this message
[Thu Dec 15 16:18:01.100906 2016] [ssl:warn] [pid 1] AH01909: photobookfinal.com:443:0 server certificate does NOT include an ID which matches the server name
[Thu Dec 15 16:18:01.102651 2016] [mpm_prefork:notice] [pid 1] AH00163: Apache/2.4.10 (Debian) PHP/7.0.14 OpenSSL/1.0.1t configured -- resuming normal operations
[Thu Dec 15 16:18:01.102677 2016] [core:notice] [pid 1] AH00094: Command line: 'apache2 -D FOREGROUND'
[Thu Dec 15 16:26:01.467772 2016] [:error] [pid 15] [client 172.17.0.1:52400] PHP Fatal error:  Uncaught Error: Call to undefined function Doctrine\\Common\\Cache\\apc_fetch() in /var/www/blog/vendor/doctrine/cache/lib/Doctrine/Common/Cache/ApcCache.php:41\nStack trace:\n#0 /var/www/blog/vendor/doctrine/cache/lib/Doctrine/Common/Cache/CacheProvider.php(212): Doctrine\\Common\\Cache\\ApcCache->doFetch('DoctrineNamespa...')\n#1 /var/www/blog/vendor/doctrine/cache/lib/Doctrine/Common/Cache/CacheProvider.php(185): Doctrine\\Common\\Cache\\CacheProvider->getNamespaceVersion()\n#2 /var/www/blog/vendor/doctrine/cache/lib/Doctrine/Common/Cache/CacheProvider.php(78): Doctrine\\Common\\Cache\\CacheProvider->getNamespacedId('PmtVct\\\\UserBund...')\n#3 /var/www/blog/vendor/doctrine/common/lib/Doctrine/Common/Persistence/Mapping/AbstractClassMetadataFactory.php(211): Doctrine\\Common\\Cache\\CacheProvider->fetch('PmtVct\\\\UserBund...')\n#4 /var/www/blog/vendor/doctrine/common/lib/Doctrine/Common/Persistence/Mapping/AbstractClassMetadataFactory.php(115): Doctrine\\Common\\Persistence\\Mapping\\AbstractClassMetadataFactory->getMetadataFor('PmtV in /var/www/blog/vendor/doctrine/cache/lib/Doctrine/Common/Cache/ApcCache.php on line 41
[Thu Dec 15 16:26:02.771681 2016] [:error] [pid 23] [client 172.17.0.1:52402] PHP Fatal error:  Uncaught Symfony\\Component\\Debug\\Exception\\UndefinedFunctionException: Attempted to call function "apc_fetch" from namespace "Doctrine\\Common\\Cache". in /var/www/blog/vendor/doctrine/cache/lib/Doctrine/Common/Cache/ApcCache.php:41\nStack trace:\n#0 /var/www/blog/vendor/doctrine/cache/lib/Doctrine/Common/Cache/CacheProvider.php(212): Doctrine\\Common\\Cache\\ApcCache->doFetch('DoctrineNamespa...')\n#1 /var/www/blog/vendor/doctrine/cache/lib/Doctrine/Common/Cache/CacheProvider.php(185): Doctrine\\Common\\Cache\\CacheProvider->getNamespaceVersion()\n#2 /var/www/blog/vendor/doctrine/cache/lib/Doctrine/Common/Cache/CacheProvider.php(78): Doctrine\\Common\\Cache\\CacheProvider->getNamespacedId('PmtVct\\\\PhotoBoo...')\n#3 /var/www/blog/vendor/doctrine/common/lib/Doctrine/Common/Persistence/Mapping/AbstractClassMetadataFactory.php(211): Doctrine\\Common\\Cache\\CacheProvider->fetch('PmtVct\\\\PhotoBoo...')\n#4 /var/www/blog/vendor/doctrine/orm/lib/Doctrine/ORM/EntityManager.php(281): Doctrine\\Common\\Persistence\\Mapping\\AbstractClassMetad in /var/www/blog/vendor/doctrine/cache/lib/Doctrine/Common/Cache/ApcCache.php on line 41
[Thu Dec 15 16:27:56.643884 2016] [mpm_prefork:notice] [pid 1] AH00169: caught SIGTERM, shutting down
[Thu Dec 15 16:28:12.133031 2016] [ssl:warn] [pid 1] AH01909: photobookfinal.com:443:0 server certificate does NOT include an ID which matches the server name
AH00558: apache2: Could not reliably determine the server's fully qualified domain name, using 172.17.0.2. Set the 'ServerName' directive globally to suppress this message
[Thu Dec 15 16:28:12.199246 2016] [ssl:warn] [pid 1] AH01909: photobookfinal.com:443:0 server certificate does NOT include an ID which matches the server name
[Thu Dec 15 16:28:12.201015 2016] [mpm_prefork:notice] [pid 1] AH00163: Apache/2.4.10 (Debian) PHP/7.0.14 OpenSSL/1.0.1t configured -- resuming normal operations
[Thu Dec 15 16:28:12.201039 2016] [core:notice] [pid 1] AH00094: Command line: 'apache2 -D FOREGROUND'
[Thu Dec 15 16:29:51.812145 2016] [mpm_prefork:notice] [pid 1] AH00169: caught SIGTERM, shutting down
[Thu Dec 15 16:29:55.366160 2016] [ssl:warn] [pid 1] AH01909: photobookfinal.com:443:0 server certificate does NOT include an ID which matches the server name
AH00558: apache2: Could not reliably determine the server's fully qualified domain name, using 172.17.0.2. Set the 'ServerName' directive globally to suppress this message
[Thu Dec 15 16:29:55.396378 2016] [ssl:warn] [pid 1] AH01909: photobookfinal.com:443:0 server certificate does NOT include an ID which matches the server name
[Thu Dec 15 16:29:55.398102 2016] [mpm_prefork:notice] [pid 1] AH00163: Apache/2.4.10 (Debian) PHP/7.0.14 OpenSSL/1.0.1t configured -- resuming normal operations
[Thu Dec 15 16:29:55.398126 2016] [core:notice] [pid 1] AH00094: Command line: 'apache2 -D FOREGROUND'
[Thu Dec 15 16:32:14.879208 2016] [mpm_prefork:notice] [pid 1] AH00169: caught SIGTERM, shutting down
[Thu Dec 15 16:35:49.276442 2016] [ssl:warn] [pid 1] AH01909: photobookfinal.com:443:0 server certificate does NOT include an ID which matches the server name
AH00558: apache2: Could not reliably determine the server's fully qualified domain name, using 172.17.0.2. Set the 'ServerName' directive globally to suppress this message
[Thu Dec 15 16:35:49.391380 2016] [ssl:warn] [pid 1] AH01909: photobookfinal.com:443:0 server certificate does NOT include an ID which matches the server name
[Thu Dec 15 16:35:49.393071 2016] [mpm_prefork:notice] [pid 1] AH00163: Apache/2.4.10 (Debian) PHP/7.0.14 OpenSSL/1.0.1t configured -- resuming normal operations
[Thu Dec 15 16:35:49.393092 2016] [core:notice] [pid 1] AH00094: Command line: 'apache2 -D FOREGROUND'
[Thu Dec 15 16:36:31.618447 2016] [:error] [pid 8] [client 172.17.0.1:52495] PHP Fatal error:  Uncaught Symfony\\Component\\Debug\\Exception\\UndefinedFunctionException: Attempted to call function "apc_fetch" from namespace "Doctrine\\Common\\Cache". in /var/www/blog/vendor/doctrine/cache/lib/Doctrine/Common/Cache/ApcCache.php:41\nStack trace:\n#0 /var/www/blog/vendor/doctrine/cache/lib/Doctrine/Common/Cache/CacheProvider.php(212): Doctrine\\Common\\Cache\\ApcCache->doFetch('DoctrineNamespa...')\n#1 /var/www/blog/vendor/doctrine/cache/lib/Doctrine/Common/Cache/CacheProvider.php(185): Doctrine\\Common\\Cache\\CacheProvider->getNamespaceVersion()\n#2 /var/www/blog/vendor/doctrine/cache/lib/Doctrine/Common/Cache/CacheProvider.php(78): Doctrine\\Common\\Cache\\CacheProvider->getNamespacedId('PmtVct\\\\PhotoBoo...')\n#3 /var/www/blog/vendor/doctrine/common/lib/Doctrine/Common/Persistence/Mapping/AbstractClassMetadataFactory.php(211): Doctrine\\Common\\Cache\\CacheProvider->fetch('PmtVct\\\\PhotoBoo...')\n#4 /var/www/blog/vendor/doctrine/orm/lib/Doctrine/ORM/EntityManager.php(281): Doctrine\\Common\\Persistence\\Mapping\\AbstractClassMetad in /var/www/blog/vendor/doctrine/cache/lib/Doctrine/Common/Cache/ApcCache.php on line 41
[Thu Dec 15 16:36:31.823056 2016] [:error] [pid 7] [client 172.17.0.1:52498] PHP Fatal error:  Uncaught Symfony\\Component\\Debug\\Exception\\UndefinedFunctionException: Attempted to call function "apc_fetch" from namespace "Doctrine\\Common\\Cache". in /var/www/blog/vendor/doctrine/cache/lib/Doctrine/Common/Cache/ApcCache.php:41\nStack trace:\n#0 /var/www/blog/vendor/doctrine/cache/lib/Doctrine/Common/Cache/CacheProvider.php(212): Doctrine\\Common\\Cache\\ApcCache->doFetch('DoctrineNamespa...')\n#1 /var/www/blog/vendor/doctrine/cache/lib/Doctrine/Common/Cache/CacheProvider.php(185): Doctrine\\Common\\Cache\\CacheProvider->getNamespaceVersion()\n#2 /var/www/blog/vendor/doctrine/cache/lib/Doctrine/Common/Cache/CacheProvider.php(78): Doctrine\\Common\\Cache\\CacheProvider->getNamespacedId('PmtVct\\\\PhotoBoo...')\n#3 /var/www/blog/vendor/doctrine/common/lib/Doctrine/Common/Persistence/Mapping/AbstractClassMetadataFactory.php(211): Doctrine\\Common\\Cache\\CacheProvider->fetch('PmtVct\\\\PhotoBoo...')\n#4 /var/www/blog/vendor/doctrine/orm/lib/Doctrine/ORM/EntityManager.php(281): Doctrine\\Common\\Persistence\\Mapping\\AbstractClassMetad in /var/www/blog/vendor/doctrine/cache/lib/Doctrine/Common/Cache/ApcCache.php on line 41
[Thu Dec 15 16:39:42.156099 2016] [mpm_prefork:notice] [pid 1] AH00169: caught SIGTERM, shutting down
[Thu Dec 15 16:50:38.779635 2016] [ssl:warn] [pid 1] AH01909: photobookfinal.com:443:0 server certificate does NOT include an ID which matches the server name
AH00558: apache2: Could not reliably determine the server's fully qualified domain name, using 172.17.0.2. Set the 'ServerName' directive globally to suppress this message
[Thu Dec 15 16:50:38.944035 2016] [ssl:warn] [pid 1] AH01909: photobookfinal.com:443:0 server certificate does NOT include an ID which matches the server name
[Thu Dec 15 16:50:38.946097 2016] [mpm_prefork:notice] [pid 1] AH00163: Apache/2.4.10 (Debian) PHP/7.0.14 OpenSSL/1.0.1t configured -- resuming normal operations
[Thu Dec 15 16:50:38.946124 2016] [core:notice] [pid 1] AH00094: Command line: 'apache2 -D FOREGROUND'
[Thu Dec 15 16:51:22.689202 2016] [mpm_prefork:notice] [pid 1] AH00169: caught SIGTERM, shutting down
[Fri Dec 16 16:49:26.168117 2016] [ssl:warn] [pid 1] AH01909: photobookfinal.com:443:0 server certificate does NOT include an ID which matches the server name
AH00558: apache2: Could not reliably determine the server's fully qualified domain name, using 172.17.0.2. Set the 'ServerName' directive globally to suppress this message
[Fri Dec 16 16:49:26.472765 2016] [ssl:warn] [pid 1] AH01909: photobookfinal.com:443:0 server certificate does NOT include an ID which matches the server name
[Fri Dec 16 16:49:26.479928 2016] [mpm_prefork:notice] [pid 1] AH00163: Apache/2.4.10 (Debian) PHP/7.0.13 OpenSSL/1.0.1t configured -- resuming normal operations
[Fri Dec 16 16:49:26.481127 2016] [core:notice] [pid 1] AH00094: Command line: 'apache2 -D FOREGROUND'
[Fri Dec 16 16:56:19.423721 2016] [mpm_prefork:notice] [pid 1] AH00169: caught SIGTERM, shutting down
[Fri Dec 16 16:56:23.054535 2016] [ssl:warn] [pid 1] AH01909: photobookfinal.com:443:0 server certificate does NOT include an ID which matches the server name
AH00558: apache2: Could not reliably determine the server's fully qualified domain name, using 172.17.0.2. Set the 'ServerName' directive globally to suppress this message
[Fri Dec 16 16:56:23.108528 2016] [ssl:warn] [pid 1] AH01909: photobookfinal.com:443:0 server certificate does NOT include an ID which matches the server name
[Fri Dec 16 16:56:23.115049 2016] [mpm_prefork:notice] [pid 1] AH00163: Apache/2.4.10 (Debian) PHP/7.0.13 OpenSSL/1.0.1t configured -- resuming normal operations
[Fri Dec 16 16:56:23.115447 2016] [core:notice] [pid 1] AH00094: Command line: 'apache2 -D FOREGROUND'
[Fri Dec 16 16:57:31.979096 2016] [ssl:warn] [pid 1] AH01909: photobookfinal.com:443:0 server certificate does NOT include an ID which matches the server name
AH00558: apache2: Could not reliably determine the server's fully qualified domain name, using 172.17.0.2. Set the 'ServerName' directive globally to suppress this message
[Fri Dec 16 16:57:32.032096 2016] [ssl:warn] [pid 1] AH01909: photobookfinal.com:443:0 server certificate does NOT include an ID which matches the server name
[Fri Dec 16 16:57:32.039089 2016] [mpm_prefork:notice] [pid 1] AH00163: Apache/2.4.10 (Debian) PHP/7.0.13 OpenSSL/1.0.1t configured -- resuming normal operations
[Fri Dec 16 16:57:32.039684 2016] [core:notice] [pid 1] AH00094: Command line: 'apache2 -D FOREGROUND'
[Fri Dec 16 17:37:20.801605 2016] [mpm_prefork:notice] [pid 1] AH00169: caught SIGTERM, shutting down
[Mon Mar 06 16:37:11.601936 2017] [ssl:warn] [pid 1] AH01909: photobookfinal.com:443:0 server certificate does NOT include an ID which matches the server name
AH00558: apache2: Could not reliably determine the server's fully qualified domain name, using 172.17.0.2. Set the 'ServerName' directive globally to suppress this message
[Mon Mar 06 16:37:11.860432 2017] [ssl:warn] [pid 1] AH01909: photobookfinal.com:443:0 server certificate does NOT include an ID which matches the server name
[Mon Mar 06 16:37:11.865904 2017] [mpm_prefork:notice] [pid 1] AH00163: Apache/2.4.10 (Debian) PHP/7.0.15 OpenSSL/1.0.1t configured -- resuming normal operations
[Mon Mar 06 16:37:11.866374 2017] [core:notice] [pid 1] AH00094: Command line: 'apache2 -D FOREGROUND'
[Mon Mar 06 16:40:13.331943 2017] [mpm_prefork:notice] [pid 1] AH00169: caught SIGTERM, shutting down
[Mon Mar 06 17:22:10.366649 2017] [ssl:warn] [pid 1] AH01909: photobookfinal.com:443:0 server certificate does NOT include an ID which matches the server name
AH00558: apache2: Could not reliably determine the server's fully qualified domain name, using 172.17.0.2. Set the 'ServerName' directive globally to suppress this message
[Mon Mar 06 17:22:10.405308 2017] [ssl:warn] [pid 1] AH01909: photobookfinal.com:443:0 server certificate does NOT include an ID which matches the server name
[Mon Mar 06 17:22:10.408509 2017] [mpm_prefork:notice] [pid 1] AH00163: Apache/2.4.10 (Debian) PHP/7.0.15 OpenSSL/1.0.1t configured -- resuming normal operations
[Mon Mar 06 17:22:10.408980 2017] [core:notice] [pid 1] AH00094: Command line: 'apache2 -D FOREGROUND'
[Mon Mar 06 17:22:15.117912 2017] [mpm_prefork:notice] [pid 1] AH00169: caught SIGTERM, shutting down
